<?xml version="1.0" encoding="UTF-8"?>
<!-- Generated by org.testng.reporters.JUnitXMLReporter -->
<testsuite ignored="0" hostname="DESKTOP-5GUVE2A" failures="1" tests="1" name="Default test" time="27.741" errors="0" timestamp="02 Aug 2019 11:41:41 GMT">
  <testcase classname="Practice.FrameworkAppium.General" name="Validation" time="27.679">
    <failure type="org.openqa.selenium.InvalidSelectorException" message="io.appium.uiautomator2.common.exceptions.UiSelectorSyntaxException: Could not parse expression `new UiScrollable(new UiSelector()).scrollIntoView(text(text))`: `UiScrollable` doesn&amp;apos;t have suitable method `scrollIntoView` with arguments [text(text)]: Could not parse expression `new UiSelector().text(text)`: `UiSelector` doesn&amp;apos;t have suitable method `text` with arguments [text]: Could not parse expression `new UiSelector().text(text)`: text is not a string
	at io.appium.uiautomator2.utils.UiExpressionParser.findMethod(UiExpressionParser.java:215)
	at io.appium.uiautomator2.utils.UiScrollableParser.consumeMethodCall(UiScrollableParser.java:83)
	at io.appium.uiautomator2.utils.UiScrollableParser.parse(UiScrollableParser.java:60)
	at io.appium.uiautomator2.utils.UiAutomatorParser.consumeStatement(UiAutomatorParser.java:92)
	at io.appium.uiautomator2.utils.UiAutomatorParser.parse(UiAutomatorParser.java:48)
	at io.appium.uiautomator2.utils.ElementLocationHelpers.toSelectors(ElementLocationHelpers.java:83)
	at io.appium.uiautomator2.utils.ElementLocationHelpers.toSelector(ElementLocationHelpers.java:77)
	at io.appium.uiautomator2.handler.FindElement.findElement(FindElement.java:107)
	at io.appium.uiautomator2.handler.FindElement.safeHandle(FindElement.java:73)
	at io.appium.uiautomator2.handler.request.SafeRequestHandler.handle(SafeRequestHandler.java:37)
	at io.appium.uiautomator2.server.AppiumServlet.handleRequest(AppiumServlet.java:252)
	at io.appium.uiautomator2.server.AppiumServlet.handleHttpRequest(AppiumServlet.java:243)
	at io.appium.uiautomator2.http.ServerHandler.channelRead(ServerHandler.java:44)
	at io.netty.channel.AbstractChannelHandlerContext.invokeChannelRead(AbstractChannelHandlerContext.java:366)
	at io.netty.channel.AbstractChannelHandlerContext.invokeChannelRead(AbstractChannelHandlerContext.java:352)
	at io.netty.channel.AbstractChannelHandlerContext.fireChannelRead(AbstractChannelHandlerContext.java:345)
	at io.netty.handler.codec.MessageToMessageDecoder.channelRead(MessageToMessageDecoder.java:102)
	at io.netty.channel.AbstractChannelHandlerContext.invokeChannelRead(AbstractChannelHandlerContext.java:366)
	at io.netty.channel.AbstractChannelHandlerContext.invokeChannelRead(AbstractChannelHandlerContext.java:352)
	at io.netty.channel.AbstractChannelHandlerContext.fireChannelRead(AbstractChannelHandlerContext.java:345)
	at io.netty.channel.CombinedChannelDuplexHandler$DelegatingChannelHandlerContext.fireChannelRead(CombinedChannelDuplexHandler.java:435)
	at io.netty.handler.codec.ByteToMessageDecoder.fireChannelRead(ByteToMessageDecoder.java:293)
	at io.netty.handler.codec.ByteToMessageDecoder.channelRead(ByteToMessageDecoder.java:267)
	at io.netty.channel.CombinedChannelDuplexHandler.channelRead(CombinedChannelDuplexHandler.java:250)
	at io.netty.channel.AbstractChannelHandlerContext.invokeChannelRead(AbstractChannelHandlerContext.java:366)
	at io.netty.channel.AbstractChannelHandlerContext.invokeChannelRead(AbstractChannelHandlerContext.java:352)
	at io.netty.channel.AbstractChannelHandlerContext.fireChannelRead(AbstractChannelHandlerContext.java:345)
	at io.netty.channel.DefaultChannelPipeline$HeadContext.channelRead(DefaultChannelPipeline.java:1294)
	at io.netty.channel.AbstractChannelHandlerContext.invokeChannelRead(AbstractChannelHandlerContext.java:366)
	at io.netty.channel.AbstractChannelHandlerContext.invokeChannelRead(AbstractChannelHandlerContext.java:352)
	at io.netty.channel.DefaultChannelPipeline.fireChannelRead(DefaultChannelPipeline.java:911)
	at io.netty.channel.nio.AbstractNioByteChannel$NioByteUnsafe.read(AbstractNioByteChannel.java:131)
	at io.netty.channel.nio.NioEventLoop.processSelectedKey(NioEventLoop.java:611)
	at io.netty.channel.nio.NioEventLoop.processSelectedKeysOptimized(NioEventLoop.java:552)
	at io.netty.channel.nio.NioEventLoop.processSelectedKeys(NioEventLoop.java:466)
	at io.netty.channel.nio.NioEventLoop.run(NioEventLoop.java:438)
	at io.netty.util.concurrent.SingleThreadEventExecutor$2.run(SingleThreadEventExecutor.java:140)
	at io.netty.util.concurrent.DefaultThreadFactory$DefaultRunnableDecorator.run(DefaultThreadFactory.java:144)
	at java.lang.Thread.run(Thread.java:761)
Caused by: io.appium.uiautomator2.common.exceptions.UiSelectorSyntaxException: Could not parse expression `new UiSelector().text(text)`: `UiSelector` doesn&amp;apos;t have suitable method `text` with arguments [text]: Could not parse expression `new UiSelector().text(text)`: text is not a string
	at io.appium.uiautomator2.utils.UiExpressionParser.findMethod(UiExpressionParser.java:215)
	at io.appium.uiautomator2.utils.UiExpressionParser.consumeMethodCall(UiExpressionParser.java:181)
	at io.appium.uiautomator2.utils.UiSelectorParser.parse(UiSelectorParser.java:53)
	at io.appium.uiautomator2.utils.UiExpressionParser.coerceArgToType(UiExpressionParser.java:312)
	at io.appium.uiautomator2.utils.UiExpressionParser.coerceArgsToTypes(UiExpressionParser.java:264)
	at io.appium.uiautomator2.utils.UiExpressionParser.findMethod(UiExpressionParser.java:204)
	... 38 more
Caused by: io.appium.uiautomator2.common.exceptions.UiSelectorSyntaxException: Could not parse expression `new UiSelector().text(text)`: text is not a string
	at io.appium.uiautomator2.utils.UiExpressionParser.coerceArgToType(UiExpressionParser.java:284)
	at io.appium.uiautomator2.utils.UiExpressionParser.coerceArgsToTypes(UiExpressionParser.java:264)
	at io.appium.uiautomator2.utils.UiExpressionParser.findMethod(UiExpressionParser.java:204)
	... 43 more
 (WARNING: The server did not provide any stacktrace information)
Command duration or timeout: 48 milliseconds
For documentation on this error, please visit: http://seleniumhq.org/exceptions/invalid_selector_exception.html
Build info: version: &amp;apos;3.0.1&amp;apos;, revision: &amp;apos;1969d75&amp;apos;, time: &amp;apos;2016-10-18 09:49:13 -0700&amp;apos;
System info: host: &amp;apos;DESKTOP-5GUVE2A&amp;apos;, ip: &amp;apos;192.168.18.53&amp;apos;, os.name: &amp;apos;Windows 10&amp;apos;, os.arch: &amp;apos;amd64&amp;apos;, os.version: &amp;apos;10.0&amp;apos;, java.version: &amp;apos;12.0.1&amp;apos;
Driver info: io.appium.java_client.android.AndroidDriver
Capabilities [{appPackage=com.androidsample.generalstore, statBarHeight=63, viewportRect={top=63, left=0, width=1080, height=1731}, deviceName=emulator-5554, platform=LINUX, deviceUDID=emulator-5554, desired={app=C:\Users\Lenskart\eclipse-workspace\FrameworkAppium\src\General-Store.apk, newCommandTimeout=14, automationName=uiautomator2, platformName=Android, deviceName=Nexus_5X_API_25}, newCommandTimeout=14, platformVersion=7.1.1, webStorageEnabled=false, automationName=uiautomator2, takesScreenshot=true, javascriptEnabled=true, platformName=Android, deviceApiLevel=25, deviceManufacturer=unknown, app=C:\Users\Lenskart\eclipse-workspace\FrameworkAppium\src\General-Store.apk, deviceScreenSize=1080x1920, networkConnectionEnabled=true, warnings={}, databaseEnabled=false, pixelRatio=2.625, locationContextEnabled=false, deviceScreenDensity=420, deviceModel=Android SDK built for x86_64}]
Session ID: d41ca058-c080-4fcf-9363-380b4affa415
*** Element info: {Using=-android uiautomator, value=new UiScrollable(new UiSelector()).scrollIntoView(text(text));}">
      <![CDATA[org.openqa.selenium.InvalidSelectorException: io.appium.uiautomator2.common.exceptions.UiSelectorSyntaxException: Could not parse expression `new UiScrollable(new UiSelector()).scrollIntoView(text(text))`: `UiScrollable` doesn't have suitable method `scrollIntoView` with arguments [text(text)]: Could not parse expression `new UiSelector().text(text)`: `UiSelector` doesn't have suitable method `text` with arguments [text]: Could not parse expression `new UiSelector().text(text)`: text is not a string
	at io.appium.uiautomator2.utils.UiExpressionParser.findMethod(UiExpressionParser.java:215)
	at io.appium.uiautomator2.utils.UiScrollableParser.consumeMethodCall(UiScrollableParser.java:83)
	at io.appium.uiautomator2.utils.UiScrollableParser.parse(UiScrollableParser.java:60)
	at io.appium.uiautomator2.utils.UiAutomatorParser.consumeStatement(UiAutomatorParser.java:92)
	at io.appium.uiautomator2.utils.UiAutomatorParser.parse(UiAutomatorParser.java:48)
	at io.appium.uiautomator2.utils.ElementLocationHelpers.toSelectors(ElementLocationHelpers.java:83)
	at io.appium.uiautomator2.utils.ElementLocationHelpers.toSelector(ElementLocationHelpers.java:77)
	at io.appium.uiautomator2.handler.FindElement.findElement(FindElement.java:107)
	at io.appium.uiautomator2.handler.FindElement.safeHandle(FindElement.java:73)
	at io.appium.uiautomator2.handler.request.SafeRequestHandler.handle(SafeRequestHandler.java:37)
	at io.appium.uiautomator2.server.AppiumServlet.handleRequest(AppiumServlet.java:252)
	at io.appium.uiautomator2.server.AppiumServlet.handleHttpRequest(AppiumServlet.java:243)
	at io.appium.uiautomator2.http.ServerHandler.channelRead(ServerHandler.java:44)
	at io.netty.channel.AbstractChannelHandlerContext.invokeChannelRead(AbstractChannelHandlerContext.java:366)
	at io.netty.channel.AbstractChannelHandlerContext.invokeChannelRead(AbstractChannelHandlerContext.java:352)
	at io.netty.channel.AbstractChannelHandlerContext.fireChannelRead(AbstractChannelHandlerContext.java:345)
	at io.netty.handler.codec.MessageToMessageDecoder.channelRead(MessageToMessageDecoder.java:102)
	at io.netty.channel.AbstractChannelHandlerContext.invokeChannelRead(AbstractChannelHandlerContext.java:366)
	at io.netty.channel.AbstractChannelHandlerContext.invokeChannelRead(AbstractChannelHandlerContext.java:352)
	at io.netty.channel.AbstractChannelHandlerContext.fireChannelRead(AbstractChannelHandlerContext.java:345)
	at io.netty.channel.CombinedChannelDuplexHandler$DelegatingChannelHandlerContext.fireChannelRead(CombinedChannelDuplexHandler.java:435)
	at io.netty.handler.codec.ByteToMessageDecoder.fireChannelRead(ByteToMessageDecoder.java:293)
	at io.netty.handler.codec.ByteToMessageDecoder.channelRead(ByteToMessageDecoder.java:267)
	at io.netty.channel.CombinedChannelDuplexHandler.channelRead(CombinedChannelDuplexHandler.java:250)
	at io.netty.channel.AbstractChannelHandlerContext.invokeChannelRead(AbstractChannelHandlerContext.java:366)
	at io.netty.channel.AbstractChannelHandlerContext.invokeChannelRead(AbstractChannelHandlerContext.java:352)
	at io.netty.channel.AbstractChannelHandlerContext.fireChannelRead(AbstractChannelHandlerContext.java:345)
	at io.netty.channel.DefaultChannelPipeline$HeadContext.channelRead(DefaultChannelPipeline.java:1294)
	at io.netty.channel.AbstractChannelHandlerContext.invokeChannelRead(AbstractChannelHandlerContext.java:366)
	at io.netty.channel.AbstractChannelHandlerContext.invokeChannelRead(AbstractChannelHandlerContext.java:352)
	at io.netty.channel.DefaultChannelPipeline.fireChannelRead(DefaultChannelPipeline.java:911)
	at io.netty.channel.nio.AbstractNioByteChannel$NioByteUnsafe.read(AbstractNioByteChannel.java:131)
	at io.netty.channel.nio.NioEventLoop.processSelectedKey(NioEventLoop.java:611)
	at io.netty.channel.nio.NioEventLoop.processSelectedKeysOptimized(NioEventLoop.java:552)
	at io.netty.channel.nio.NioEventLoop.processSelectedKeys(NioEventLoop.java:466)
	at io.netty.channel.nio.NioEventLoop.run(NioEventLoop.java:438)
	at io.netty.util.concurrent.SingleThreadEventExecutor$2.run(SingleThreadEventExecutor.java:140)
	at io.netty.util.concurrent.DefaultThreadFactory$DefaultRunnableDecorator.run(DefaultThreadFactory.java:144)
	at java.lang.Thread.run(Thread.java:761)
Caused by: io.appium.uiautomator2.common.exceptions.UiSelectorSyntaxException: Could not parse expression `new UiSelector().text(text)`: `UiSelector` doesn't have suitable method `text` with arguments [text]: Could not parse expression `new UiSelector().text(text)`: text is not a string
	at io.appium.uiautomator2.utils.UiExpressionParser.findMethod(UiExpressionParser.java:215)
	at io.appium.uiautomator2.utils.UiExpressionParser.consumeMethodCall(UiExpressionParser.java:181)
	at io.appium.uiautomator2.utils.UiSelectorParser.parse(UiSelectorParser.java:53)
	at io.appium.uiautomator2.utils.UiExpressionParser.coerceArgToType(UiExpressionParser.java:312)
	at io.appium.uiautomator2.utils.UiExpressionParser.coerceArgsToTypes(UiExpressionParser.java:264)
	at io.appium.uiautomator2.utils.UiExpressionParser.findMethod(UiExpressionParser.java:204)
	... 38 more
Caused by: io.appium.uiautomator2.common.exceptions.UiSelectorSyntaxException: Could not parse expression `new UiSelector().text(text)`: text is not a string
	at io.appium.uiautomator2.utils.UiExpressionParser.coerceArgToType(UiExpressionParser.java:284)
	at io.appium.uiautomator2.utils.UiExpressionParser.coerceArgsToTypes(UiExpressionParser.java:264)
	at io.appium.uiautomator2.utils.UiExpressionParser.findMethod(UiExpressionParser.java:204)
	... 43 more
 (WARNING: The server did not provide any stacktrace information)
Command duration or timeout: 48 milliseconds
For documentation on this error, please visit: http://seleniumhq.org/exceptions/invalid_selector_exception.html
Build info: version: '3.0.1', revision: '1969d75', time: '2016-10-18 09:49:13 -0700'
System info: host: 'DESKTOP-5GUVE2A', ip: '192.168.18.53', os.name: 'Windows 10', os.arch: 'amd64', os.version: '10.0', java.version: '12.0.1'
Driver info: io.appium.java_client.android.AndroidDriver
Capabilities [{appPackage=com.androidsample.generalstore, statBarHeight=63, viewportRect={top=63, left=0, width=1080, height=1731}, deviceName=emulator-5554, platform=LINUX, deviceUDID=emulator-5554, desired={app=C:\Users\Lenskart\eclipse-workspace\FrameworkAppium\src\General-Store.apk, newCommandTimeout=14, automationName=uiautomator2, platformName=Android, deviceName=Nexus_5X_API_25}, newCommandTimeout=14, platformVersion=7.1.1, webStorageEnabled=false, automationName=uiautomator2, takesScreenshot=true, javascriptEnabled=true, platformName=Android, deviceApiLevel=25, deviceManufacturer=unknown, app=C:\Users\Lenskart\eclipse-workspace\FrameworkAppium\src\General-Store.apk, deviceScreenSize=1080x1920, networkConnectionEnabled=true, warnings={}, databaseEnabled=false, pixelRatio=2.625, locationContextEnabled=false, deviceScreenDensity=420, deviceModel=Android SDK built for x86_64}]
Session ID: d41ca058-c080-4fcf-9363-380b4affa415
*** Element info: {Using=-android uiautomator, value=new UiScrollable(new UiSelector()).scrollIntoView(text(text));}
	at java.base/jdk.internal.reflect.NativeConstructorAccessorImpl.newInstance0(Native Method)
	at java.base/jdk.internal.reflect.NativeConstructorAccessorImpl.newInstance(NativeConstructorAccessorImpl.java:62)
	at java.base/jdk.internal.reflect.DelegatingConstructorAccessorImpl.newInstance(DelegatingConstructorAccessorImpl.java:45)
	at java.base/java.lang.reflect.Constructor.newInstanceWithCaller(Constructor.java:500)
	at java.base/java.lang.reflect.Constructor.newInstance(Constructor.java:481)
	at org.openqa.selenium.remote.ErrorHandler.createThrowable(ErrorHandler.java:216)
	at org.openqa.selenium.remote.ErrorHandler.throwIfResponseFailed(ErrorHandler.java:168)
	at org.openqa.selenium.remote.RemoteWebDriver.execute(RemoteWebDriver.java:635)
	at io.appium.java_client.DefaultGenericMobileDriver.execute(DefaultGenericMobileDriver.java:40)
	at io.appium.java_client.AppiumDriver.execute(AppiumDriver.java:1)
	at io.appium.java_client.android.AndroidDriver.execute(AndroidDriver.java:1)
	at org.openqa.selenium.remote.RemoteWebDriver.findElement(RemoteWebDriver.java:368)
	at io.appium.java_client.DefaultGenericMobileDriver.findElement(DefaultGenericMobileDriver.java:56)
	at io.appium.java_client.AppiumDriver.findElement(AppiumDriver.java:1)
	at io.appium.java_client.android.AndroidDriver.findElement(AndroidDriver.java:1)
	at io.appium.java_client.android.AndroidDriver.findElementByAndroidUIAutomator(AndroidDriver.java:365)
	at Utilities.Scroll.scrollText(Scroll.java:13)
	at Practice.FrameworkAppium.General.Validation(General.java:35)
	at java.base/jdk.internal.reflect.NativeMethodAccessorImpl.invoke0(Native Method)
	at java.base/jdk.internal.reflect.NativeMethodAccessorImpl.invoke(NativeMethodAccessorImpl.java:62)
	at java.base/jdk.internal.reflect.DelegatingMethodAccessorImpl.invoke(DelegatingMethodAccessorImpl.java:43)
	at java.base/java.lang.reflect.Method.invoke(Method.java:567)
	at org.testng.internal.MethodInvocationHelper.invokeMethod(MethodInvocationHelper.java:104)
	at org.testng.internal.Invoker.invokeMethod(Invoker.java:645)
	at org.testng.internal.Invoker.invokeTestMethod(Invoker.java:851)
	at org.testng.internal.Invoker.invokeTestMethods(Invoker.java:1177)
	at org.testng.internal.TestMethodWorker.invokeTestMethods(TestMethodWorker.java:129)
	at org.testng.internal.TestMethodWorker.run(TestMethodWorker.java:112)
	at org.testng.TestRunner.privateRun(TestRunner.java:756)
	at org.testng.TestRunner.run(TestRunner.java:610)
	at org.testng.SuiteRunner.runTest(SuiteRunner.java:387)
	at org.testng.SuiteRunner.runSequentially(SuiteRunner.java:382)
	at org.testng.SuiteRunner.privateRun(SuiteRunner.java:340)
	at org.testng.SuiteRunner.run(SuiteRunner.java:289)
	at org.testng.SuiteRunnerWorker.runSuite(SuiteRunnerWorker.java:52)
	at org.testng.SuiteRunnerWorker.run(SuiteRunnerWorker.java:86)
	at org.testng.TestNG.runSuitesSequentially(TestNG.java:1293)
	at org.testng.TestNG.runSuitesLocally(TestNG.java:1218)
	at org.testng.TestNG.runSuites(TestNG.java:1133)
	at org.testng.TestNG.run(TestNG.java:1104)
	at org.testng.remote.AbstractRemoteTestNG.run(AbstractRemoteTestNG.java:115)
	at org.testng.remote.RemoteTestNG.initAndRun(RemoteTestNG.java:251)
	at org.testng.remote.RemoteTestNG.main(RemoteTestNG.java:77)
]]>
    </failure>
  </testcase> <!-- Validation -->
</testsuite> <!-- Default test -->
