<?xml version="1.0" encoding="UTF-8"?>
<!-- Generated by org.testng.reporters.JUnitXMLReporter -->
<testsuite ignored="0" hostname="DESKTOP-5GUVE2A" failures="0" tests="3" name="Test" time="105.397" errors="0" timestamp="05 Aug 2019 10:33:12 GMT">
  <testcase classname="Practice.FrameworkAppium.General" name="totalValidation" time="53.182"/>
  <testcase classname="Practice.FrameworkAppium.ApiDemo" name="apiDemoTest" time="25.602"/>
  <testcase classname="Practice.FrameworkAppium.ApiDemo" name="apiDemoTest" time="23.711"/>
</testsuite> <!-- Test -->
