<?xml version="1.0" encoding="UTF-8"?>
<!-- Generated by org.testng.reporters.JUnitXMLReporter -->
<testsuite ignored="0" hostname="DESKTOP-5GUVE2A" failures="0" tests="3" name="Test" time="150.088" errors="0" timestamp="08 Aug 2019 05:52:35 GMT">
  <testcase classname="Practice.FrameworkAppium.General" name="totalValidation" time="78.285"/>
  <testcase classname="Practice.FrameworkAppium.ApiDemo" name="apiDemoTest" time="37.614"/>
  <testcase classname="Practice.FrameworkAppium.ApiDemo" name="apiDemoTest" time="34.165"/>
</testsuite> <!-- Test -->
