<?xml version="1.0" encoding="UTF-8"?>
<testsuite xmlns:xsi="http://www.w3.org/2001/XMLSchema-instance" xsi:schemaLocation="https://maven.apache.org/surefire/maven-surefire-plugin/xsd/surefire-test-report.xsd" name="TestSuite" time="151.313" tests="3" errors="0" skipped="0" failures="0">
  <properties>
[...]
</properties>
  <testcase name="totalValidation" classname="Practice.FrameworkAppium.General" time="78.289"/>
  <testcase name="apiDemoTest" classname="Practice.FrameworkAppium.ApiDemo" time="37.616"/>
  <testcase name="apiDemoTest" classname="Practice.FrameworkAppium.ApiDemo" time="34.163"/>
</testsuite>