<?xml version="1.0" encoding="UTF-8"?>
<testng-results ignored="0" total="3" passed="3" failed="0" skipped="0">
  <reporter-output>
  </reporter-output>
  <suite started-at="2019-08-08T05:50:05Z" name="Suite" finished-at="2019-08-08T05:52:35Z" duration-ms="150088">
    <groups>
    </groups>
    <test started-at="2019-08-08T05:50:05Z" name="Test" finished-at="2019-08-08T05:52:35Z" duration-ms="150088">
      <class name="Practice.FrameworkAppium.ApiDemo">
        <test-method signature="apiDemoTest(java.lang.String)[pri:0, instance:Practice.FrameworkAppium.ApiDemo@797badd3]" started-at="2019-08-08T11:21:23Z" name="apiDemoTest" data-provider="InputData" finished-at="2019-08-08T11:22:01Z" duration-ms="37614" status="PASS">
          <params>
            <param index="0">
              <value>
                <![CDATA[Hell]]>
              </value>
            </param>
          </params>
          <reporter-output>
          </reporter-output>
        </test-method> <!-- apiDemoTest -->
        <test-method signature="apiDemoTest(java.lang.String)[pri:0, instance:Practice.FrameworkAppium.ApiDemo@797badd3]" started-at="2019-08-08T11:22:01Z" name="apiDemoTest" data-provider="InputData" finished-at="2019-08-08T11:22:35Z" duration-ms="34165" status="PASS">
          <params>
            <param index="0">
              <value>
                <![CDATA[!@#@$@]]>
              </value>
            </param>
          </params>
          <reporter-output>
          </reporter-output>
        </test-method> <!-- apiDemoTest -->
      </class> <!-- Practice.FrameworkAppium.ApiDemo -->
      <class name="Practice.FrameworkAppium.General">
        <test-method signature="totalValidation()[pri:0, instance:Practice.FrameworkAppium.General@473b46c3]" started-at="2019-08-08T11:20:05Z" name="totalValidation" finished-at="2019-08-08T11:21:23Z" duration-ms="78285" status="PASS">
          <reporter-output>
          </reporter-output>
        </test-method> <!-- totalValidation -->
      </class> <!-- Practice.FrameworkAppium.General -->
    </test> <!-- Test -->
  </suite> <!-- Suite -->
</testng-results>
