<?xml version="1.0" encoding="UTF-8"?>
<testng-results ignored="0" total="3" passed="3" failed="0" skipped="0">
  <reporter-output>
  </reporter-output>
  <suite started-at="2019-08-05T10:31:27Z" name="Suite" finished-at="2019-08-05T10:33:12Z" duration-ms="105397">
    <groups>
    </groups>
    <test started-at="2019-08-05T10:31:27Z" name="Test" finished-at="2019-08-05T10:33:12Z" duration-ms="105397">
      <class name="Practice.FrameworkAppium.ApiDemo">
        <test-method signature="apiDemoTest(java.lang.String)[pri:0, instance:Practice.FrameworkAppium.ApiDemo@161479c6]" started-at="2019-08-05T16:02:21Z" name="apiDemoTest" data-provider="InputData" finished-at="2019-08-05T16:02:46Z" duration-ms="25602" status="PASS">
          <params>
            <param index="0">
              <value>
                <![CDATA[Hell]]>
              </value>
            </param>
          </params>
          <reporter-output>
          </reporter-output>
        </test-method> <!-- apiDemoTest -->
        <test-method signature="apiDemoTest(java.lang.String)[pri:0, instance:Practice.FrameworkAppium.ApiDemo@161479c6]" started-at="2019-08-05T16:02:47Z" name="apiDemoTest" data-provider="InputData" finished-at="2019-08-05T16:03:11Z" duration-ms="23711" status="PASS">
          <params>
            <param index="0">
              <value>
                <![CDATA[@!#!@#]]>
              </value>
            </param>
          </params>
          <reporter-output>
          </reporter-output>
        </test-method> <!-- apiDemoTest -->
      </class> <!-- Practice.FrameworkAppium.ApiDemo -->
      <class name="Practice.FrameworkAppium.General">
        <test-method signature="totalValidation()[pri:0, instance:Practice.FrameworkAppium.General@6ac13091]" started-at="2019-08-05T16:01:27Z" name="totalValidation" finished-at="2019-08-05T16:02:20Z" duration-ms="53182" status="PASS">
          <reporter-output>
          </reporter-output>
        </test-method> <!-- totalValidation -->
      </class> <!-- Practice.FrameworkAppium.General -->
    </test> <!-- Test -->
  </suite> <!-- Suite -->
</testng-results>
